<?xml version="1.0" encoding="UTF-8"?>
<!-- Generated by org.testng.reporters.JUnitReportReporter -->
<testsuite hostname="DesktopW7-PC" name="regressionsuite.TestNG_TestClass1" tests="2" failures="0" timestamp="20 May 2020 19:35:40 GMT" time="0.010" errors="0">
  <testcase name="testMethod2" time="0.001" classname="regressionsuite.TestNG_TestClass1"/>
  <testcase name="testMethod1" time="0.009" classname="regressionsuite.TestNG_TestClass1"/>
</testsuite> <!-- regressionsuite.TestNG_TestClass1 -->
