<?xml version="1.0" encoding="UTF-8"?>
<!-- Generated by org.testng.reporters.JUnitReportReporter -->
<testsuite hostname="DesktopW7-PC" name="testclasses.TestAnnotation" tests="3" failures="0" timestamp="12 May 2020 20:00:23 GMT" time="0.020" errors="0">
  <testcase name="testMethod1" time="0.015" classname="testclasses.TestAnnotation"/>
  <testcase name="testMethod3" time="0.002" classname="testclasses.TestAnnotation"/>
  <testcase name="testMethod2" time="0.003" classname="testclasses.TestAnnotation"/>
</testsuite> <!-- testclasses.TestAnnotation -->
