<?xml version="1.0" encoding="UTF-8"?>
<!-- Generated by org.testng.reporters.JUnitReportReporter -->
<testsuite hostname="DesktopW7-PC" name="testclasses.TestNG_Asserts" tests="3" failures="0" timestamp="13 May 2020 15:38:51 GMT" time="0.020" errors="0">
  <testcase name="testSum" time="0.005" classname="testclasses.TestNG_Asserts"/>
  <testcase name="testArrays" time="0.010" classname="testclasses.TestNG_Asserts"/>
  <testcase name="testStrings" time="0.005" classname="testclasses.TestNG_Asserts"/>
</testsuite> <!-- testclasses.TestNG_Asserts -->
