<?xml version="1.0" encoding="UTF-8"?>
<!-- Generated by org.testng.reporters.JUnitReportReporter -->
<testsuite hostname="DesktopW7-PC" name="testclasses.TestNG_TestClass1" tests="2" failures="0" timestamp="18 May 2020 15:56:29 GMT" time="0.009" errors="0">
  <testcase name="testMethod1" time="0.007" classname="testclasses.TestNG_TestClass1"/>
  <testcase name="testMethod2" time="0.002" classname="testclasses.TestNG_TestClass1"/>
</testsuite> <!-- testclasses.TestNG_TestClass1 -->
