<?xml version="1.0" encoding="UTF-8"?>
<!-- Generated by org.testng.reporters.JUnitReportReporter -->
<testsuite hostname="DesktopW7-PC" name="testclasses.TestNG_Priority" tests="3" failures="0" timestamp="18 May 2020 19:00:59 GMT" time="0.008" errors="0">
  <testcase name="testMethod3" time="0.004" classname="testclasses.TestNG_Priority"/>
  <testcase name="testMethod2" time="0.001" classname="testclasses.TestNG_Priority"/>
  <testcase name="testMethod1" time="0.003" classname="testclasses.TestNG_Priority"/>
</testsuite> <!-- testclasses.TestNG_Priority -->
