<?xml version="1.0" encoding="UTF-8"?>
<!-- Generated by org.testng.reporters.JUnitReportReporter -->
<testsuite hostname="DesktopW7-PC" name="testclasses.TestNG_BeforeClassAnnotations" tests="2" failures="0" timestamp="18 May 2020 15:20:18 GMT" time="0.009" errors="0">
  <testcase name="testMethod1" time="0.007" classname="testclasses.TestNG_BeforeClassAnnotations"/>
  <testcase name="testMethod2" time="0.002" classname="testclasses.TestNG_BeforeClassAnnotations"/>
</testsuite> <!-- testclasses.TestNG_BeforeClassAnnotations -->
