<?xml version="1.0" encoding="UTF-8"?>
<!-- Generated by org.testng.reporters.JUnitReportReporter -->
<testsuite hostname="DesktopW7-PC" name="testclasses.TestNG_Preserve2" tests="2" failures="0" timestamp="20 May 2020 20:13:52 GMT" time="0.007" errors="0">
  <testcase name="testMethod1" time="0.005" classname="testclasses.TestNG_Preserve2"/>
  <testcase name="testMethod2" time="0.002" classname="testclasses.TestNG_Preserve2"/>
</testsuite> <!-- testclasses.TestNG_Preserve2 -->
