<?xml version="1.0" encoding="UTF-8"?>
<!-- Generated by org.testng.reporters.JUnitReportReporter -->
<testsuite hostname="DesktopW7-PC" name="testclasses.TestNG_Grouping" tests="2" failures="0" timestamp="18 May 2020 19:53:43 GMT" time="0.000" errors="0">
  <testcase name="testAudiA6" time="0.000" classname="testclasses.TestNG_Grouping"/>
  <testcase name="testBMWX6" time="0.000" classname="testclasses.TestNG_Grouping"/>
</testsuite> <!-- testclasses.TestNG_Grouping -->
