<?xml version="1.0" encoding="UTF-8"?>
<!-- Generated by org.testng.reporters.JUnitReportReporter -->
<testsuite hostname="DesktopW7-PC" name="testclasses.TestNG_EnableTimeout" tests="1" failures="0" timestamp="20 May 2020 19:51:52 GMT" time="0.113" errors="1">
  <testcase name="testMethod2" time="0.113" classname="testclasses.TestNG_EnableTimeout">
    <error type="org.testng.internal.thread.ThreadTimeoutException" message="Method org.testng.internal.TestNGMethod.testMethod2() didn&#039;t finish within the time-out 100">
      <![CDATA[org.testng.internal.thread.ThreadTimeoutException: Method org.testng.internal.TestNGMethod.testMethod2() didn't finish within the time-out 100
	at java.util.concurrent.ThreadPoolExecutor.runWorker(Unknown Source)
	at java.util.concurrent.ThreadPoolExecutor$Worker.run(Unknown Source)
	at java.lang.Thread.run(Unknown Source)
]]>
    </error>
  </testcase> <!-- testMethod2 -->
</testsuite> <!-- testclasses.TestNG_EnableTimeout -->
