<?xml version="1.0" encoding="UTF-8"?>
<!-- Generated by org.testng.reporters.JUnitReportReporter -->
<testsuite hostname="DesktopW7-PC" name="testclasses.TestNG_TestParallel1" tests="2" failures="0" timestamp="21 May 2020 21:19:58 GMT" time="12.017" errors="0">
  <testcase name="testMethod1" time="6.014" classname="testclasses.TestNG_TestParallel1"/>
  <testcase name="testMethod2" time="6.003" classname="testclasses.TestNG_TestParallel1"/>
</testsuite> <!-- testclasses.TestNG_TestParallel1 -->
