<?xml version="1.0" encoding="UTF-8"?>
<!-- Generated by org.testng.reporters.JUnitReportReporter -->
<testsuite hostname="DESKTOP-SAEZ" failures="0" tests="1" name="basicweb.BasicActions" time="0.013" errors="0" timestamp="2020-09-27T15:29:44 BRT" skipped="0">
  <testcase classname="basicweb.BasicActions" name="test" time="0.013"/>
  <system-out/>
</testsuite> <!-- basicweb.BasicActions -->
